<?xml version="1.0" encoding="UTF-8"?>
<!-- Generated by org.testng.reporters.JUnitReportReporter -->
<testsuite hostname="DESKTOP-9GGR7IB" failures="0" tests="1" name="SeleniumDockerDemo.GoogleTestChrome" time="3.392" errors="0" timestamp="20 Sep 2021 09:01:09 GMT" skipped="0">
  <testcase classname="SeleniumDockerDemo.GoogleTestChrome" name="googleTitleTest" time="3.392"/>
</testsuite> <!-- SeleniumDockerDemo.GoogleTestChrome -->
